The target system is: Generic -  - arm
The host system is: Linux - 5.4.0-65-generic - x86_64
Compiling the C compiler identification source file "CMakeCCompilerId.c" succeeded.
Compiler: /usr/bin/arm-none-eabi-gcc 
Build flags: -mthumb;-mcpu=cortex-m4;-mfloat-abi=hard;-mfpu=fpv4-sp-d16;--specs=nano.specs;-ffunction-sections;-fdata-sections;-fno-strict-aliasing;-fno-builtin;-fshort-enums;-Wall;-Wextra;-Wuninitialized;-Wshadow;-Wdouble-promotion;-Werror;-Wno-unused-parameter
Id flags: -c 

The output was:
0


Compilation of the C compiler identification source "CMakeCCompilerId.c" produced "CMakeCCompilerId.o"

The C compiler identification is GNU, found in "/home/bhavya/Work/stm32f44x/b1/CMakeFiles/3.15.4/CompilerIdC/CMakeCCompilerId.o"

Compiling the CXX compiler identification source file "CMakeCXXCompilerId.cpp" succeeded.
Compiler: /usr/bin/arm-none-eabi-g++ 
Build flags: -mthumb;-mcpu=cortex-m4;-mfloat-abi=hard;-mfpu=fpv4-sp-d16;--specs=nano.specs;-ffunction-sections;-fdata-sections;-fno-strict-aliasing;-fno-builtin;-fshort-enums;-Wall;-Wextra;-Wuninitialized;-Wshadow;-Wdouble-promotion;-Werror;-Wno-unused-parameter
Id flags: -c 

The output was:
0


Compilation of the CXX compiler identification source "CMakeCXXCompilerId.cpp" produced "CMakeCXXCompilerId.o"

The CXX compiler identification is GNU, found in "/home/bhavya/Work/stm32f44x/b1/CMakeFiles/3.15.4/CompilerIdCXX/CMakeCXXCompilerId.o"

Determining if the C compiler works passed with the following output:
Change Dir: /home/bhavya/Work/stm32f44x/b1/CMakeFiles/CMakeTmp

Run Build Command(s):/usr/bin/make cmTC_690f7/fast && /usr/bin/make -f CMakeFiles/cmTC_690f7.dir/build.make CMakeFiles/cmTC_690f7.dir/build
make[1]: Entering directory '/home/bhavya/Work/stm32f44x/b1/CMakeFiles/CMakeTmp'
Building C object CMakeFiles/cmTC_690f7.dir/testCCompiler.c.obj
/usr/bin/arm-none-eabi-gcc   -mthumb -mcpu=cortex-m4 -mfloat-abi=hard -mfpu=fpv4-sp-d16 --specs=nano.specs -ffunction-sections -fdata-sections -fno-strict-aliasing -fno-builtin -fshort-enums -Wall -Wextra -Wuninitialized -Wshadow -Wdouble-promotion -Werror -Wno-unused-parameter  -O0 -g3   -o CMakeFiles/cmTC_690f7.dir/testCCompiler.c.obj   -c /home/bhavya/Work/stm32f44x/b1/CMakeFiles/CMakeTmp/testCCompiler.c
Linking C static library libcmTC_690f7.a
/usr/local/bin/cmake -P CMakeFiles/cmTC_690f7.dir/cmake_clean_target.cmake
/usr/local/bin/cmake -E cmake_link_script CMakeFiles/cmTC_690f7.dir/link.txt --verbose=1
/usr/bin/arm-none-eabi-ar qc libcmTC_690f7.a  CMakeFiles/cmTC_690f7.dir/testCCompiler.c.obj
/usr/bin/arm-none-eabi-ranlib libcmTC_690f7.a
make[1]: Leaving directory '/home/bhavya/Work/stm32f44x/b1/CMakeFiles/CMakeTmp'



Detecting C compiler ABI info compiled with the following output:
Change Dir: /home/bhavya/Work/stm32f44x/b1/CMakeFiles/CMakeTmp

Run Build Command(s):/usr/bin/make cmTC_5ec8d/fast && /usr/bin/make -f CMakeFiles/cmTC_5ec8d.dir/build.make CMakeFiles/cmTC_5ec8d.dir/build
make[1]: Entering directory '/home/bhavya/Work/stm32f44x/b1/CMakeFiles/CMakeTmp'
Building C object CMakeFiles/cmTC_5ec8d.dir/CMakeCCompilerABI.c.obj
/usr/bin/arm-none-eabi-gcc   -mthumb -mcpu=cortex-m4 -mfloat-abi=hard -mfpu=fpv4-sp-d16 --specs=nano.specs -ffunction-sections -fdata-sections -fno-strict-aliasing -fno-builtin -fshort-enums -Wall -Wextra -Wuninitialized -Wshadow -Wdouble-promotion -Werror -Wno-unused-parameter  -O0 -g3   -v -o CMakeFiles/cmTC_5ec8d.dir/CMakeCCompilerABI.c.obj   -c /usr/local/share/cmake-3.15/Modules/CMakeCCompilerABI.c
Using built-in specs.
Reading specs from /usr/lib/gcc/arm-none-eabi/6.3.1/../../../arm-none-eabi/lib/nano.specs
rename spec link to nano_link
rename spec link_gcc_c_sequence to nano_link_gcc_c_sequence
rename spec cpp to nano_cpp
COLLECT_GCC=/usr/bin/arm-none-eabi-gcc
Target: arm-none-eabi
Configured with: ../src/configure --build=x86_64-linux-gnu --prefix=/usr --includedir='/usr/lib/include' --mandir='/usr/lib/share/man' --infodir='/usr/lib/share/info' --sysconfdir=/etc --localstatedir=/var --disable-silent-rules --libdir='/usr/lib/lib/x86_64-linux-gnu' --libexecdir='/usr/lib/lib/x86_64-linux-gnu' --disable-maintainer-mode --disable-dependency-tracking --mandir=/usr/share/man --enable-languages=c,c++,lto --enable-multilib --disable-decimal-float --disable-libffi --disable-libgomp --disable-libmudflap --disable-libquadmath --disable-libssp --disable-libstdcxx-pch --disable-nls --disable-shared --disable-threads --disable-tls --build=x86_64-linux-gnu --target=arm-none-eabi --with-system-zlib --with-gnu-as --with-gnu-ld --with-pkgversion=15:6.3.1+svn253039-1build1 --without-included-gettext --prefix=/usr/lib --infodir=/usr/share/doc/gcc-arm-none-eabi/info --htmldir=/usr/share/doc/gcc-arm-none-eabi/html --pdfdir=/usr/share/doc/gcc-arm-none-eabi/pdf --bindir=/usr/bin --libexecdir=/usr/lib --libdir=/usr/lib --disable-libstdc++-v3 --host=x86_64-linux-gnu --with-headers=no --without-newlib --with-multilib-list=rmprofile CFLAGS='-g -O2 -fdebug-prefix-map=/build/gcc-arm-none-eabi-iopiMw/gcc-arm-none-eabi-6.3.1+svn253039=. -fstack-protector-strong' CPPFLAGS='-Wdate-time -D_FORTIFY_SOURCE=2' CXXFLAGS='-g -O2 -fdebug-prefix-map=/build/gcc-arm-none-eabi-iopiMw/gcc-arm-none-eabi-6.3.1+svn253039=. -fstack-protector-strong' FCFLAGS='-g -O2 -fdebug-prefix-map=/build/gcc-arm-none-eabi-iopiMw/gcc-arm-none-eabi-6.3.1+svn253039=. -fstack-protector-strong' FFLAGS='-g -O2 -fdebug-prefix-map=/build/gcc-arm-none-eabi-iopiMw/gcc-arm-none-eabi-6.3.1+svn253039=. -fstack-protector-strong' GCJFLAGS='-g -O2 -fdebug-prefix-map=/build/gcc-arm-none-eabi-iopiMw/gcc-arm-none-eabi-6.3.1+svn253039=. -fstack-protector-strong' LDFLAGS='-Wl,-Bsymbolic-functions -Wl,-z,relro' OBJCFLAGS='-g -O2 -fdebug-prefix-map=/build/gcc-arm-none-eabi-iopiMw/gcc-arm-none-eabi-6.3.1+svn253039=. -fstack-protector-strong' OBJCXXFLAGS='-g -O2 -fdebug-prefix-map=/build/gcc-arm-none-eabi-iopiMw/gcc-arm-none-eabi-6.3.1+svn253039=. -fstack-protector-strong' INHIBIT_LIBC_CFLAGS=-DUSE_TM_CLONE_REGISTRY=0 AR_FOR_TARGET=arm-none-eabi-ar AS_FOR_TARGET=arm-none-eabi-as LD_FOR_TARGET=arm-none-eabi-ld NM_FOR_TARGET=arm-none-eabi-nm OBJDUMP_FOR_TARGET=arm-none-eabi-objdump RANLIB_FOR_TARGET=arm-none-eabi-ranlib READELF_FOR_TARGET=arm-none-eabi-readelf STRIP_FOR_TARGET=arm-none-eabi-strip
Thread model: single
gcc version 6.3.1 20170620 (15:6.3.1+svn253039-1build1) 
COLLECT_GCC_OPTIONS='-mthumb' '-mcpu=cortex-m4' '-mfloat-abi=hard' '-mfpu=fpv4-sp-d16' '-specs=nano.specs' '-ffunction-sections' '-fdata-sections' '-fno-strict-aliasing' '-fno-builtin' '-fshort-enums' '-Wall' '-Wextra' '-Wuninitialized' '-Wshadow' '-Wdouble-promotion' '-Werror' '-Wno-unused-parameter' '-O0' '-g3' '-v' '-o' 'CMakeFiles/cmTC_5ec8d.dir/CMakeCCompilerABI.c.obj' '-c'
 /usr/lib/gcc/arm-none-eabi/6.3.1/cc1 -quiet -v -imultilib thumb/v7e-m/fpv4-sp/hard -dD -isystem /usr/include/newlib/nano -D__USES_INITFINI__ /usr/local/share/cmake-3.15/Modules/CMakeCCompilerABI.c -quiet -dumpbase CMakeCCompilerABI.c -mthumb -mcpu=cortex-m4 -mfloat-abi=hard -mfpu=fpv4-sp-d16 -auxbase-strip CMakeFiles/cmTC_5ec8d.dir/CMakeCCompilerABI.c.obj -g3 -O0 -Wall -Wextra -Wuninitialized -Wshadow -Wdouble-promotion -Werror -Wno-unused-parameter -version -ffunction-sections -fdata-sections -fno-strict-aliasing -fno-builtin -fshort-enums -o /tmp/ccGNvfui.s
GNU C11 (15:6.3.1+svn253039-1build1) version 6.3.1 20170620 (arm-none-eabi)
	compiled by GNU C version 7.2.0, GMP version 6.1.2, MPFR version 4.0.1-rc1, MPC version 1.1.0, isl version 0.15
warning: MPFR header version 4.0.1-rc1 differs from library version 4.0.1.
GGC heuristics: --param ggc-min-expand=100 --param ggc-min-heapsize=131072
ignoring nonexistent directory "/usr/lib/gcc/arm-none-eabi/6.3.1/../../../arm-none-eabi/sys-include"
#include "..." search starts here:
#include <...> search starts here:
 /usr/include/newlib/nano
 /usr/lib/gcc/arm-none-eabi/6.3.1/include
 /usr/lib/gcc/arm-none-eabi/6.3.1/include-fixed
 /usr/lib/gcc/arm-none-eabi/6.3.1/../../../arm-none-eabi/include
End of search list.
GNU C11 (15:6.3.1+svn253039-1build1) version 6.3.1 20170620 (arm-none-eabi)
	compiled by GNU C version 7.2.0, GMP version 6.1.2, MPFR version 4.0.1-rc1, MPC version 1.1.0, isl version 0.15
warning: MPFR header version 4.0.1-rc1 differs from library version 4.0.1.
GGC heuristics: --param ggc-min-expand=100 --param ggc-min-heapsize=131072
Compiler executable checksum: 3390469c3385c15ce695b94c5e1c198d
COLLECT_GCC_OPTIONS='-mthumb' '-mcpu=cortex-m4' '-mfloat-abi=hard' '-mfpu=fpv4-sp-d16' '-specs=nano.specs' '-ffunction-sections' '-fdata-sections' '-fno-strict-aliasing' '-fno-builtin' '-fshort-enums' '-Wall' '-Wextra' '-Wuninitialized' '-Wshadow' '-Wdouble-promotion' '-Werror' '-Wno-unused-parameter' '-O0' '-g3' '-v' '-o' 'CMakeFiles/cmTC_5ec8d.dir/CMakeCCompilerABI.c.obj' '-c'
 /usr/lib/gcc/arm-none-eabi/6.3.1/../../../arm-none-eabi/bin/as -v -mcpu=cortex-m4 -mfloat-abi=hard -mfpu=fpv4-sp-d16 -meabi=5 -o CMakeFiles/cmTC_5ec8d.dir/CMakeCCompilerABI.c.obj /tmp/ccGNvfui.s
GNU assembler version 2.27 (arm-none-eabi) using BFD version (2.27-9ubuntu1+9) 2.27
COMPILER_PATH=/usr/lib/gcc/arm-none-eabi/6.3.1/:/usr/lib/gcc/arm-none-eabi/6.3.1/:/usr/lib/gcc/arm-none-eabi/:/usr/lib/gcc/arm-none-eabi/6.3.1/:/usr/lib/gcc/arm-none-eabi/:/usr/lib/gcc/arm-none-eabi/6.3.1/../../../arm-none-eabi/bin/
LIBRARY_PATH=/usr/lib/gcc/arm-none-eabi/6.3.1/thumb/v7e-m/fpv4-sp/hard/:/usr/lib/gcc/arm-none-eabi/6.3.1/../../../arm-none-eabi/lib/thumb/v7e-m/fpv4-sp/hard/:/usr/lib/gcc/arm-none-eabi/6.3.1/:/usr/lib/gcc/arm-none-eabi/6.3.1/../../../arm-none-eabi/lib/
COLLECT_GCC_OPTIONS='-mthumb' '-mcpu=cortex-m4' '-mfloat-abi=hard' '-mfpu=fpv4-sp-d16' '-specs=nano.specs' '-ffunction-sections' '-fdata-sections' '-fno-strict-aliasing' '-fno-builtin' '-fshort-enums' '-Wall' '-Wextra' '-Wuninitialized' '-Wshadow' '-Wdouble-promotion' '-Werror' '-Wno-unused-parameter' '-O0' '-g3' '-v' '-o' 'CMakeFiles/cmTC_5ec8d.dir/CMakeCCompilerABI.c.obj' '-c'
Linking C static library libcmTC_5ec8d.a
/usr/local/bin/cmake -P CMakeFiles/cmTC_5ec8d.dir/cmake_clean_target.cmake
/usr/local/bin/cmake -E cmake_link_script CMakeFiles/cmTC_5ec8d.dir/link.txt --verbose=1
/usr/bin/arm-none-eabi-ar qc libcmTC_5ec8d.a  CMakeFiles/cmTC_5ec8d.dir/CMakeCCompilerABI.c.obj
/usr/bin/arm-none-eabi-ranlib libcmTC_5ec8d.a
make[1]: Leaving directory '/home/bhavya/Work/stm32f44x/b1/CMakeFiles/CMakeTmp'



Parsed C implicit include dir info from above output: rv=done
  found start of include info
  found start of implicit include info
    add: [/usr/include/newlib/nano]
    add: [/usr/lib/gcc/arm-none-eabi/6.3.1/include]
    add: [/usr/lib/gcc/arm-none-eabi/6.3.1/include-fixed]
    add: [/usr/lib/gcc/arm-none-eabi/6.3.1/../../../arm-none-eabi/include]
  end of search list found
  collapse include dir [/usr/include/newlib/nano] ==> [/usr/include/newlib/nano]
  collapse include dir [/usr/lib/gcc/arm-none-eabi/6.3.1/include] ==> [/usr/lib/gcc/arm-none-eabi/6.3.1/include]
  collapse include dir [/usr/lib/gcc/arm-none-eabi/6.3.1/include-fixed] ==> [/usr/lib/gcc/arm-none-eabi/6.3.1/include-fixed]
  collapse include dir [/usr/lib/gcc/arm-none-eabi/6.3.1/../../../arm-none-eabi/include] ==> [/usr/lib/arm-none-eabi/include]
  implicit include dirs: [/usr/include/newlib/nano;/usr/lib/gcc/arm-none-eabi/6.3.1/include;/usr/lib/gcc/arm-none-eabi/6.3.1/include-fixed;/usr/lib/arm-none-eabi/include]


Parsed C implicit link information from above output:
  link line regex: [^( *|.*[/\])(arm-none-eabi-gcc|CMAKE_LINK_STARTFILE-NOTFOUND|([^/\]+-)?ld|collect2)[^/\]*( |$)]
  ignore line: [Change Dir: /home/bhavya/Work/stm32f44x/b1/CMakeFiles/CMakeTmp]
  ignore line: []
  ignore line: [Run Build Command(s):/usr/bin/make cmTC_5ec8d/fast && /usr/bin/make -f CMakeFiles/cmTC_5ec8d.dir/build.make CMakeFiles/cmTC_5ec8d.dir/build]
  ignore line: [make[1]: Entering directory '/home/bhavya/Work/stm32f44x/b1/CMakeFiles/CMakeTmp']
  ignore line: [Building C object CMakeFiles/cmTC_5ec8d.dir/CMakeCCompilerABI.c.obj]
  link line: [/usr/bin/arm-none-eabi-gcc   -mthumb -mcpu=cortex-m4 -mfloat-abi=hard -mfpu=fpv4-sp-d16 --specs=nano.specs -ffunction-sections -fdata-sections -fno-strict-aliasing -fno-builtin -fshort-enums -Wall -Wextra -Wuninitialized -Wshadow -Wdouble-promotion -Werror -Wno-unused-parameter  -O0 -g3   -v -o CMakeFiles/cmTC_5ec8d.dir/CMakeCCompilerABI.c.obj   -c /usr/local/share/cmake-3.15/Modules/CMakeCCompilerABI.c]
    arg [/usr/bin/arm-none-eabi-gcc] ==> ignore
    arg [-mthumb] ==> ignore
    arg [-mcpu=cortex-m4] ==> ignore
    arg [-mfloat-abi=hard] ==> ignore
    arg [-mfpu=fpv4-sp-d16] ==> ignore
    arg [--specs=nano.specs] ==> ignore
    arg [-ffunction-sections] ==> ignore
    arg [-fdata-sections] ==> ignore
    arg [-fno-strict-aliasing] ==> ignore
    arg [-fno-builtin] ==> ignore
    arg [-fshort-enums] ==> ignore
    arg [-Wall] ==> ignore
    arg [-Wextra] ==> ignore
    arg [-Wuninitialized] ==> ignore
    arg [-Wshadow] ==> ignore
    arg [-Wdouble-promotion] ==> ignore
    arg [-Werror] ==> ignore
    arg [-Wno-unused-parameter] ==> ignore
    arg [-O0] ==> ignore
    arg [-g3] ==> ignore
    arg [-v] ==> ignore
    arg [-o] ==> ignore
    arg [CMakeFiles/cmTC_5ec8d.dir/CMakeCCompilerABI.c.obj] ==> ignore
    arg [-c] ==> ignore
    arg [/usr/local/share/cmake-3.15/Modules/CMakeCCompilerABI.c] ==> ignore
  implicit libs: []
  implicit dirs: []
  implicit fwks: []


Determining if the CXX compiler works passed with the following output:
Change Dir: /home/bhavya/Work/stm32f44x/b1/CMakeFiles/CMakeTmp

Run Build Command(s):/usr/bin/make cmTC_09151/fast && /usr/bin/make -f CMakeFiles/cmTC_09151.dir/build.make CMakeFiles/cmTC_09151.dir/build
make[1]: Entering directory '/home/bhavya/Work/stm32f44x/b1/CMakeFiles/CMakeTmp'
Building CXX object CMakeFiles/cmTC_09151.dir/testCXXCompiler.cxx.obj
/usr/bin/arm-none-eabi-g++    -mthumb -mcpu=cortex-m4 -mfloat-abi=hard -mfpu=fpv4-sp-d16 --specs=nano.specs -ffunction-sections -fdata-sections -fno-strict-aliasing -fno-builtin -fshort-enums -Wall -Wextra -Wuninitialized -Wshadow -Wdouble-promotion -Werror -Wno-unused-parameter  -g   -o CMakeFiles/cmTC_09151.dir/testCXXCompiler.cxx.obj -c /home/bhavya/Work/stm32f44x/b1/CMakeFiles/CMakeTmp/testCXXCompiler.cxx
Linking CXX static library libcmTC_09151.a
/usr/local/bin/cmake -P CMakeFiles/cmTC_09151.dir/cmake_clean_target.cmake
/usr/local/bin/cmake -E cmake_link_script CMakeFiles/cmTC_09151.dir/link.txt --verbose=1
/usr/bin/arm-none-eabi-ar qc libcmTC_09151.a  CMakeFiles/cmTC_09151.dir/testCXXCompiler.cxx.obj
/usr/bin/arm-none-eabi-ranlib libcmTC_09151.a
make[1]: Leaving directory '/home/bhavya/Work/stm32f44x/b1/CMakeFiles/CMakeTmp'



Detecting CXX compiler ABI info compiled with the following output:
Change Dir: /home/bhavya/Work/stm32f44x/b1/CMakeFiles/CMakeTmp

Run Build Command(s):/usr/bin/make cmTC_429f3/fast && /usr/bin/make -f CMakeFiles/cmTC_429f3.dir/build.make CMakeFiles/cmTC_429f3.dir/build
make[1]: Entering directory '/home/bhavya/Work/stm32f44x/b1/CMakeFiles/CMakeTmp'
Building CXX object CMakeFiles/cmTC_429f3.dir/CMakeCXXCompilerABI.cpp.obj
/usr/bin/arm-none-eabi-g++    -mthumb -mcpu=cortex-m4 -mfloat-abi=hard -mfpu=fpv4-sp-d16 --specs=nano.specs -ffunction-sections -fdata-sections -fno-strict-aliasing -fno-builtin -fshort-enums -Wall -Wextra -Wuninitialized -Wshadow -Wdouble-promotion -Werror -Wno-unused-parameter  -g   -v -o CMakeFiles/cmTC_429f3.dir/CMakeCXXCompilerABI.cpp.obj -c /usr/local/share/cmake-3.15/Modules/CMakeCXXCompilerABI.cpp
Using built-in specs.
Reading specs from /usr/lib/gcc/arm-none-eabi/6.3.1/../../../arm-none-eabi/lib/nano.specs
rename spec link to nano_link
rename spec link_gcc_c_sequence to nano_link_gcc_c_sequence
rename spec cpp to nano_cpp
COLLECT_GCC=/usr/bin/arm-none-eabi-g++
Target: arm-none-eabi
Configured with: ../src/configure --build=x86_64-linux-gnu --prefix=/usr --includedir='/usr/lib/include' --mandir='/usr/lib/share/man' --infodir='/usr/lib/share/info' --sysconfdir=/etc --localstatedir=/var --disable-silent-rules --libdir='/usr/lib/lib/x86_64-linux-gnu' --libexecdir='/usr/lib/lib/x86_64-linux-gnu' --disable-maintainer-mode --disable-dependency-tracking --mandir=/usr/share/man --enable-languages=c,c++,lto --enable-multilib --disable-decimal-float --disable-libffi --disable-libgomp --disable-libmudflap --disable-libquadmath --disable-libssp --disable-libstdcxx-pch --disable-nls --disable-shared --disable-threads --disable-tls --build=x86_64-linux-gnu --target=arm-none-eabi --with-system-zlib --with-gnu-as --with-gnu-ld --with-pkgversion=15:6.3.1+svn253039-1build1 --without-included-gettext --prefix=/usr/lib --infodir=/usr/share/doc/gcc-arm-none-eabi/info --htmldir=/usr/share/doc/gcc-arm-none-eabi/html --pdfdir=/usr/share/doc/gcc-arm-none-eabi/pdf --bindir=/usr/bin --libexecdir=/usr/lib --libdir=/usr/lib --disable-libstdc++-v3 --host=x86_64-linux-gnu --with-headers=no --without-newlib --with-multilib-list=rmprofile CFLAGS='-g -O2 -fdebug-prefix-map=/build/gcc-arm-none-eabi-iopiMw/gcc-arm-none-eabi-6.3.1+svn253039=. -fstack-protector-strong' CPPFLAGS='-Wdate-time -D_FORTIFY_SOURCE=2' CXXFLAGS='-g -O2 -fdebug-prefix-map=/build/gcc-arm-none-eabi-iopiMw/gcc-arm-none-eabi-6.3.1+svn253039=. -fstack-protector-strong' FCFLAGS='-g -O2 -fdebug-prefix-map=/build/gcc-arm-none-eabi-iopiMw/gcc-arm-none-eabi-6.3.1+svn253039=. -fstack-protector-strong' FFLAGS='-g -O2 -fdebug-prefix-map=/build/gcc-arm-none-eabi-iopiMw/gcc-arm-none-eabi-6.3.1+svn253039=. -fstack-protector-strong' GCJFLAGS='-g -O2 -fdebug-prefix-map=/build/gcc-arm-none-eabi-iopiMw/gcc-arm-none-eabi-6.3.1+svn253039=. -fstack-protector-strong' LDFLAGS='-Wl,-Bsymbolic-functions -Wl,-z,relro' OBJCFLAGS='-g -O2 -fdebug-prefix-map=/build/gcc-arm-none-eabi-iopiMw/gcc-arm-none-eabi-6.3.1+svn253039=. -fstack-protector-strong' OBJCXXFLAGS='-g -O2 -fdebug-prefix-map=/build/gcc-arm-none-eabi-iopiMw/gcc-arm-none-eabi-6.3.1+svn253039=. -fstack-protector-strong' INHIBIT_LIBC_CFLAGS=-DUSE_TM_CLONE_REGISTRY=0 AR_FOR_TARGET=arm-none-eabi-ar AS_FOR_TARGET=arm-none-eabi-as LD_FOR_TARGET=arm-none-eabi-ld NM_FOR_TARGET=arm-none-eabi-nm OBJDUMP_FOR_TARGET=arm-none-eabi-objdump RANLIB_FOR_TARGET=arm-none-eabi-ranlib READELF_FOR_TARGET=arm-none-eabi-readelf STRIP_FOR_TARGET=arm-none-eabi-strip
Thread model: single
gcc version 6.3.1 20170620 (15:6.3.1+svn253039-1build1) 
COLLECT_GCC_OPTIONS='-mthumb' '-mcpu=cortex-m4' '-mfloat-abi=hard' '-mfpu=fpv4-sp-d16' '-specs=nano.specs' '-ffunction-sections' '-fdata-sections' '-fno-strict-aliasing' '-fno-builtin' '-fshort-enums' '-Wall' '-Wextra' '-Wuninitialized' '-Wshadow' '-Wdouble-promotion' '-Werror' '-Wno-unused-parameter' '-g' '-v' '-o' 'CMakeFiles/cmTC_429f3.dir/CMakeCXXCompilerABI.cpp.obj' '-c'
 /usr/lib/gcc/arm-none-eabi/6.3.1/cc1plus -quiet -v -imultilib thumb/v7e-m/fpv4-sp/hard -D__USES_INITFINI__ /usr/local/share/cmake-3.15/Modules/CMakeCXXCompilerABI.cpp -quiet -dumpbase CMakeCXXCompilerABI.cpp -mthumb -mcpu=cortex-m4 -mfloat-abi=hard -mfpu=fpv4-sp-d16 -auxbase-strip CMakeFiles/cmTC_429f3.dir/CMakeCXXCompilerABI.cpp.obj -g -Wall -Wextra -Wuninitialized -Wshadow -Wdouble-promotion -Werror -Wno-unused-parameter -version -ffunction-sections -fdata-sections -fno-strict-aliasing -fno-builtin -fshort-enums -o /tmp/ccv7gg0E.s
GNU C++14 (15:6.3.1+svn253039-1build1) version 6.3.1 20170620 (arm-none-eabi)
	compiled by GNU C version 7.2.0, GMP version 6.1.2, MPFR version 4.0.1-rc1, MPC version 1.1.0, isl version 0.15
warning: MPFR header version 4.0.1-rc1 differs from library version 4.0.1.
GGC heuristics: --param ggc-min-expand=100 --param ggc-min-heapsize=131072
ignoring nonexistent directory "/usr/lib/gcc/arm-none-eabi/6.3.1/../../../arm-none-eabi/sys-include"
#include "..." search starts here:
#include <...> search starts here:
 /usr/lib/gcc/arm-none-eabi/6.3.1/../../../arm-none-eabi/include/c++/6.3.1
 /usr/lib/gcc/arm-none-eabi/6.3.1/../../../arm-none-eabi/include/c++/6.3.1/arm-none-eabi/thumb/v7e-m/fpv4-sp/hard
 /usr/lib/gcc/arm-none-eabi/6.3.1/../../../arm-none-eabi/include/c++/6.3.1/backward
 /usr/lib/gcc/arm-none-eabi/6.3.1/include
 /usr/lib/gcc/arm-none-eabi/6.3.1/include-fixed
 /usr/lib/gcc/arm-none-eabi/6.3.1/../../../arm-none-eabi/include
End of search list.
GNU C++14 (15:6.3.1+svn253039-1build1) version 6.3.1 20170620 (arm-none-eabi)
	compiled by GNU C version 7.2.0, GMP version 6.1.2, MPFR version 4.0.1-rc1, MPC version 1.1.0, isl version 0.15
warning: MPFR header version 4.0.1-rc1 differs from library version 4.0.1.
GGC heuristics: --param ggc-min-expand=100 --param ggc-min-heapsize=131072
Compiler executable checksum: 881c69dea8852328c0fadac0d576ed22
COLLECT_GCC_OPTIONS='-mthumb' '-mcpu=cortex-m4' '-mfloat-abi=hard' '-mfpu=fpv4-sp-d16' '-specs=nano.specs' '-ffunction-sections' '-fdata-sections' '-fno-strict-aliasing' '-fno-builtin' '-fshort-enums' '-Wall' '-Wextra' '-Wuninitialized' '-Wshadow' '-Wdouble-promotion' '-Werror' '-Wno-unused-parameter' '-g' '-v' '-o' 'CMakeFiles/cmTC_429f3.dir/CMakeCXXCompilerABI.cpp.obj' '-c'
 /usr/lib/gcc/arm-none-eabi/6.3.1/../../../arm-none-eabi/bin/as -v -mcpu=cortex-m4 -mfloat-abi=hard -mfpu=fpv4-sp-d16 -meabi=5 -o CMakeFiles/cmTC_429f3.dir/CMakeCXXCompilerABI.cpp.obj /tmp/ccv7gg0E.s
GNU assembler version 2.27 (arm-none-eabi) using BFD version (2.27-9ubuntu1+9) 2.27
COMPILER_PATH=/usr/lib/gcc/arm-none-eabi/6.3.1/:/usr/lib/gcc/arm-none-eabi/6.3.1/:/usr/lib/gcc/arm-none-eabi/:/usr/lib/gcc/arm-none-eabi/6.3.1/:/usr/lib/gcc/arm-none-eabi/:/usr/lib/gcc/arm-none-eabi/6.3.1/../../../arm-none-eabi/bin/
LIBRARY_PATH=/usr/lib/gcc/arm-none-eabi/6.3.1/thumb/v7e-m/fpv4-sp/hard/:/usr/lib/gcc/arm-none-eabi/6.3.1/../../../arm-none-eabi/lib/thumb/v7e-m/fpv4-sp/hard/:/usr/lib/gcc/arm-none-eabi/6.3.1/:/usr/lib/gcc/arm-none-eabi/6.3.1/../../../arm-none-eabi/lib/
COLLECT_GCC_OPTIONS='-mthumb' '-mcpu=cortex-m4' '-mfloat-abi=hard' '-mfpu=fpv4-sp-d16' '-specs=nano.specs' '-ffunction-sections' '-fdata-sections' '-fno-strict-aliasing' '-fno-builtin' '-fshort-enums' '-Wall' '-Wextra' '-Wuninitialized' '-Wshadow' '-Wdouble-promotion' '-Werror' '-Wno-unused-parameter' '-g' '-v' '-o' 'CMakeFiles/cmTC_429f3.dir/CMakeCXXCompilerABI.cpp.obj' '-c'
Linking CXX static library libcmTC_429f3.a
/usr/local/bin/cmake -P CMakeFiles/cmTC_429f3.dir/cmake_clean_target.cmake
/usr/local/bin/cmake -E cmake_link_script CMakeFiles/cmTC_429f3.dir/link.txt --verbose=1
/usr/bin/arm-none-eabi-ar qc libcmTC_429f3.a  CMakeFiles/cmTC_429f3.dir/CMakeCXXCompilerABI.cpp.obj
/usr/bin/arm-none-eabi-ranlib libcmTC_429f3.a
make[1]: Leaving directory '/home/bhavya/Work/stm32f44x/b1/CMakeFiles/CMakeTmp'



Parsed CXX implicit include dir info from above output: rv=done
  found start of include info
  found start of implicit include info
    add: [/usr/lib/gcc/arm-none-eabi/6.3.1/../../../arm-none-eabi/include/c++/6.3.1]
    add: [/usr/lib/gcc/arm-none-eabi/6.3.1/../../../arm-none-eabi/include/c++/6.3.1/arm-none-eabi/thumb/v7e-m/fpv4-sp/hard]
    add: [/usr/lib/gcc/arm-none-eabi/6.3.1/../../../arm-none-eabi/include/c++/6.3.1/backward]
    add: [/usr/lib/gcc/arm-none-eabi/6.3.1/include]
    add: [/usr/lib/gcc/arm-none-eabi/6.3.1/include-fixed]
    add: [/usr/lib/gcc/arm-none-eabi/6.3.1/../../../arm-none-eabi/include]
  end of search list found
  collapse include dir [/usr/lib/gcc/arm-none-eabi/6.3.1/../../../arm-none-eabi/include/c++/6.3.1] ==> [/usr/lib/arm-none-eabi/include/c++/6.3.1]
  collapse include dir [/usr/lib/gcc/arm-none-eabi/6.3.1/../../../arm-none-eabi/include/c++/6.3.1/arm-none-eabi/thumb/v7e-m/fpv4-sp/hard] ==> [/usr/lib/arm-none-eabi/include/c++/6.3.1/arm-none-eabi/thumb/v7e-m/fpv4-sp/hard]
  collapse include dir [/usr/lib/gcc/arm-none-eabi/6.3.1/../../../arm-none-eabi/include/c++/6.3.1/backward] ==> [/usr/lib/arm-none-eabi/include/c++/6.3.1/backward]
  collapse include dir [/usr/lib/gcc/arm-none-eabi/6.3.1/include] ==> [/usr/lib/gcc/arm-none-eabi/6.3.1/include]
  collapse include dir [/usr/lib/gcc/arm-none-eabi/6.3.1/include-fixed] ==> [/usr/lib/gcc/arm-none-eabi/6.3.1/include-fixed]
  collapse include dir [/usr/lib/gcc/arm-none-eabi/6.3.1/../../../arm-none-eabi/include] ==> [/usr/lib/arm-none-eabi/include]
  implicit include dirs: [/usr/lib/arm-none-eabi/include/c++/6.3.1;/usr/lib/arm-none-eabi/include/c++/6.3.1/arm-none-eabi/thumb/v7e-m/fpv4-sp/hard;/usr/lib/arm-none-eabi/include/c++/6.3.1/backward;/usr/lib/gcc/arm-none-eabi/6.3.1/include;/usr/lib/gcc/arm-none-eabi/6.3.1/include-fixed;/usr/lib/arm-none-eabi/include]


Parsed CXX implicit link information from above output:
  link line regex: [^( *|.*[/\])(arm-none-eabi-gcc|CMAKE_LINK_STARTFILE-NOTFOUND|([^/\]+-)?ld|collect2)[^/\]*( |$)]
  ignore line: [Change Dir: /home/bhavya/Work/stm32f44x/b1/CMakeFiles/CMakeTmp]
  ignore line: []
  ignore line: [Run Build Command(s):/usr/bin/make cmTC_429f3/fast && /usr/bin/make -f CMakeFiles/cmTC_429f3.dir/build.make CMakeFiles/cmTC_429f3.dir/build]
  ignore line: [make[1]: Entering directory '/home/bhavya/Work/stm32f44x/b1/CMakeFiles/CMakeTmp']
  ignore line: [Building CXX object CMakeFiles/cmTC_429f3.dir/CMakeCXXCompilerABI.cpp.obj]
  ignore line: [/usr/bin/arm-none-eabi-g++    -mthumb -mcpu=cortex-m4 -mfloat-abi=hard -mfpu=fpv4-sp-d16 --specs=nano.specs -ffunction-sections -fdata-sections -fno-strict-aliasing -fno-builtin -fshort-enums -Wall -Wextra -Wuninitialized -Wshadow -Wdouble-promotion -Werror -Wno-unused-parameter  -g   -v -o CMakeFiles/cmTC_429f3.dir/CMakeCXXCompilerABI.cpp.obj -c /usr/local/share/cmake-3.15/Modules/CMakeCXXCompilerABI.cpp]
  ignore line: [Using built-in specs.]
  ignore line: [Reading specs from /usr/lib/gcc/arm-none-eabi/6.3.1/../../../arm-none-eabi/lib/nano.specs]
  ignore line: [rename spec link to nano_link]
  ignore line: [rename spec link_gcc_c_sequence to nano_link_gcc_c_sequence]
  ignore line: [rename spec cpp to nano_cpp]
  ignore line: [COLLECT_GCC=/usr/bin/arm-none-eabi-g++]
  ignore line: [Target: arm-none-eabi]
  ignore line: [Configured with: ../src/configure --build=x86_64-linux-gnu --prefix=/usr --includedir='/usr/lib/include' --mandir='/usr/lib/share/man' --infodir='/usr/lib/share/info' --sysconfdir=/etc --localstatedir=/var --disable-silent-rules --libdir='/usr/lib/lib/x86_64-linux-gnu' --libexecdir='/usr/lib/lib/x86_64-linux-gnu' --disable-maintainer-mode --disable-dependency-tracking --mandir=/usr/share/man --enable-languages=c,c++,lto --enable-multilib --disable-decimal-float --disable-libffi --disable-libgomp --disable-libmudflap --disable-libquadmath --disable-libssp --disable-libstdcxx-pch --disable-nls --disable-shared --disable-threads --disable-tls --build=x86_64-linux-gnu --target=arm-none-eabi --with-system-zlib --with-gnu-as --with-gnu-ld --with-pkgversion=15:6.3.1+svn253039-1build1 --without-included-gettext --prefix=/usr/lib --infodir=/usr/share/doc/gcc-arm-none-eabi/info --htmldir=/usr/share/doc/gcc-arm-none-eabi/html --pdfdir=/usr/share/doc/gcc-arm-none-eabi/pdf --bindir=/usr/bin --libexecdir=/usr/lib --libdir=/usr/lib --disable-libstdc++-v3 --host=x86_64-linux-gnu --with-headers=no --without-newlib --with-multilib-list=rmprofile CFLAGS='-g -O2 -fdebug-prefix-map=/build/gcc-arm-none-eabi-iopiMw/gcc-arm-none-eabi-6.3.1+svn253039=. -fstack-protector-strong' CPPFLAGS='-Wdate-time -D_FORTIFY_SOURCE=2' CXXFLAGS='-g -O2 -fdebug-prefix-map=/build/gcc-arm-none-eabi-iopiMw/gcc-arm-none-eabi-6.3.1+svn253039=. -fstack-protector-strong' FCFLAGS='-g -O2 -fdebug-prefix-map=/build/gcc-arm-none-eabi-iopiMw/gcc-arm-none-eabi-6.3.1+svn253039=. -fstack-protector-strong' FFLAGS='-g -O2 -fdebug-prefix-map=/build/gcc-arm-none-eabi-iopiMw/gcc-arm-none-eabi-6.3.1+svn253039=. -fstack-protector-strong' GCJFLAGS='-g -O2 -fdebug-prefix-map=/build/gcc-arm-none-eabi-iopiMw/gcc-arm-none-eabi-6.3.1+svn253039=. -fstack-protector-strong' LDFLAGS='-Wl,-Bsymbolic-functions -Wl,-z,relro' OBJCFLAGS='-g -O2 -fdebug-prefix-map=/build/gcc-arm-none-eabi-iopiMw/gcc-arm-none-eabi-6.3.1+svn253039=. -fstack-protector-strong' OBJCXXFLAGS='-g -O2 -fdebug-prefix-map=/build/gcc-arm-none-eabi-iopiMw/gcc-arm-none-eabi-6.3.1+svn253039=. -fstack-protector-strong' INHIBIT_LIBC_CFLAGS=-DUSE_TM_CLONE_REGISTRY=0 AR_FOR_TARGET=arm-none-eabi-ar AS_FOR_TARGET=arm-none-eabi-as LD_FOR_TARGET=arm-none-eabi-ld NM_FOR_TARGET=arm-none-eabi-nm OBJDUMP_FOR_TARGET=arm-none-eabi-objdump RANLIB_FOR_TARGET=arm-none-eabi-ranlib READELF_FOR_TARGET=arm-none-eabi-readelf STRIP_FOR_TARGET=arm-none-eabi-strip]
  ignore line: [Thread model: single]
  ignore line: [gcc version 6.3.1 20170620 (15:6.3.1+svn253039-1build1) ]
  ignore line: [COLLECT_GCC_OPTIONS='-mthumb' '-mcpu=cortex-m4' '-mfloat-abi=hard' '-mfpu=fpv4-sp-d16' '-specs=nano.specs' '-ffunction-sections' '-fdata-sections' '-fno-strict-aliasing' '-fno-builtin' '-fshort-enums' '-Wall' '-Wextra' '-Wuninitialized' '-Wshadow' '-Wdouble-promotion' '-Werror' '-Wno-unused-parameter' '-g' '-v' '-o' 'CMakeFiles/cmTC_429f3.dir/CMakeCXXCompilerABI.cpp.obj' '-c']
  ignore line: [ /usr/lib/gcc/arm-none-eabi/6.3.1/cc1plus -quiet -v -imultilib thumb/v7e-m/fpv4-sp/hard -D__USES_INITFINI__ /usr/local/share/cmake-3.15/Modules/CMakeCXXCompilerABI.cpp -quiet -dumpbase CMakeCXXCompilerABI.cpp -mthumb -mcpu=cortex-m4 -mfloat-abi=hard -mfpu=fpv4-sp-d16 -auxbase-strip CMakeFiles/cmTC_429f3.dir/CMakeCXXCompilerABI.cpp.obj -g -Wall -Wextra -Wuninitialized -Wshadow -Wdouble-promotion -Werror -Wno-unused-parameter -version -ffunction-sections -fdata-sections -fno-strict-aliasing -fno-builtin -fshort-enums -o /tmp/ccv7gg0E.s]
  ignore line: [GNU C++14 (15:6.3.1+svn253039-1build1) version 6.3.1 20170620 (arm-none-eabi)]
  ignore line: [	compiled by GNU C version 7.2.0, GMP version 6.1.2, MPFR version 4.0.1-rc1, MPC version 1.1.0, isl version 0.15]
  ignore line: [warning: MPFR header version 4.0.1-rc1 differs from library version 4.0.1.]
  ignore line: [GGC heuristics: --param ggc-min-expand=100 --param ggc-min-heapsize=131072]
  ignore line: [ignoring nonexistent directory "/usr/lib/gcc/arm-none-eabi/6.3.1/../../../arm-none-eabi/sys-include"]
  ignore line: [#include "..." search starts here:]
  ignore line: [#include <...> search starts here:]
  ignore line: [ /usr/lib/gcc/arm-none-eabi/6.3.1/../../../arm-none-eabi/include/c++/6.3.1]
  ignore line: [ /usr/lib/gcc/arm-none-eabi/6.3.1/../../../arm-none-eabi/include/c++/6.3.1/arm-none-eabi/thumb/v7e-m/fpv4-sp/hard]
  ignore line: [ /usr/lib/gcc/arm-none-eabi/6.3.1/../../../arm-none-eabi/include/c++/6.3.1/backward]
  ignore line: [ /usr/lib/gcc/arm-none-eabi/6.3.1/include]
  ignore line: [ /usr/lib/gcc/arm-none-eabi/6.3.1/include-fixed]
  ignore line: [ /usr/lib/gcc/arm-none-eabi/6.3.1/../../../arm-none-eabi/include]
  ignore line: [End of search list.]
  ignore line: [GNU C++14 (15:6.3.1+svn253039-1build1) version 6.3.1 20170620 (arm-none-eabi)]
  ignore line: [	compiled by GNU C version 7.2.0, GMP version 6.1.2, MPFR version 4.0.1-rc1, MPC version 1.1.0, isl version 0.15]
  ignore line: [warning: MPFR header version 4.0.1-rc1 differs from library version 4.0.1.]
  ignore line: [GGC heuristics: --param ggc-min-expand=100 --param ggc-min-heapsize=131072]
  ignore line: [Compiler executable checksum: 881c69dea8852328c0fadac0d576ed22]
  ignore line: [COLLECT_GCC_OPTIONS='-mthumb' '-mcpu=cortex-m4' '-mfloat-abi=hard' '-mfpu=fpv4-sp-d16' '-specs=nano.specs' '-ffunction-sections' '-fdata-sections' '-fno-strict-aliasing' '-fno-builtin' '-fshort-enums' '-Wall' '-Wextra' '-Wuninitialized' '-Wshadow' '-Wdouble-promotion' '-Werror' '-Wno-unused-parameter' '-g' '-v' '-o' 'CMakeFiles/cmTC_429f3.dir/CMakeCXXCompilerABI.cpp.obj' '-c']
  ignore line: [ /usr/lib/gcc/arm-none-eabi/6.3.1/../../../arm-none-eabi/bin/as -v -mcpu=cortex-m4 -mfloat-abi=hard -mfpu=fpv4-sp-d16 -meabi=5 -o CMakeFiles/cmTC_429f3.dir/CMakeCXXCompilerABI.cpp.obj /tmp/ccv7gg0E.s]
  ignore line: [GNU assembler version 2.27 (arm-none-eabi) using BFD version (2.27-9ubuntu1+9) 2.27]
  ignore line: [COMPILER_PATH=/usr/lib/gcc/arm-none-eabi/6.3.1/:/usr/lib/gcc/arm-none-eabi/6.3.1/:/usr/lib/gcc/arm-none-eabi/:/usr/lib/gcc/arm-none-eabi/6.3.1/:/usr/lib/gcc/arm-none-eabi/:/usr/lib/gcc/arm-none-eabi/6.3.1/../../../arm-none-eabi/bin/]
  ignore line: [LIBRARY_PATH=/usr/lib/gcc/arm-none-eabi/6.3.1/thumb/v7e-m/fpv4-sp/hard/:/usr/lib/gcc/arm-none-eabi/6.3.1/../../../arm-none-eabi/lib/thumb/v7e-m/fpv4-sp/hard/:/usr/lib/gcc/arm-none-eabi/6.3.1/:/usr/lib/gcc/arm-none-eabi/6.3.1/../../../arm-none-eabi/lib/]
  ignore line: [COLLECT_GCC_OPTIONS='-mthumb' '-mcpu=cortex-m4' '-mfloat-abi=hard' '-mfpu=fpv4-sp-d16' '-specs=nano.specs' '-ffunction-sections' '-fdata-sections' '-fno-strict-aliasing' '-fno-builtin' '-fshort-enums' '-Wall' '-Wextra' '-Wuninitialized' '-Wshadow' '-Wdouble-promotion' '-Werror' '-Wno-unused-parameter' '-g' '-v' '-o' 'CMakeFiles/cmTC_429f3.dir/CMakeCXXCompilerABI.cpp.obj' '-c']
  ignore line: [Linking CXX static library libcmTC_429f3.a]
  ignore line: [/usr/local/bin/cmake -P CMakeFiles/cmTC_429f3.dir/cmake_clean_target.cmake]
  ignore line: [/usr/local/bin/cmake -E cmake_link_script CMakeFiles/cmTC_429f3.dir/link.txt --verbose=1]
  ignore line: [/usr/bin/arm-none-eabi-ar qc libcmTC_429f3.a  CMakeFiles/cmTC_429f3.dir/CMakeCXXCompilerABI.cpp.obj]
  ignore line: [/usr/bin/arm-none-eabi-ranlib libcmTC_429f3.a]
  ignore line: [make[1]: Leaving directory '/home/bhavya/Work/stm32f44x/b1/CMakeFiles/CMakeTmp']
  ignore line: []
  ignore line: []
  implicit libs: []
  implicit dirs: []
  implicit fwks: []


